<?xml version="1.0" encoding="UTF-8"?>
<!-- Generated by org.testng.reporters.JUnitReportReporter -->
<testsuite hostname="AjVivoBook" failures="0" tests="1" name="com.qa.tests.TestCase_1" time="0.015" errors="0" timestamp="12 Apr 2020 14:15:00 GMT" skipped="0">
  <testcase classname="com.qa.tests.TestCase_1" name="test1" time="0.015"/>
</testsuite> <!-- com.qa.tests.TestCase_1 -->
